<?xml version="1.0" encoding="UTF-8"?>
<!-- Generated by org.testng.reporters.JUnitReportReporter -->
<testsuite hostname="Admin" failures="0" tests="1" name="com.reddiff.mail.autoscripts.SendEmailTC090" time="47.951" errors="0" timestamp="2021-10-10T16:42:34 IST" skipped="0">
  <testcase classname="com.reddiff.mail.autoscripts.SendEmailTC090" name="sendMail" time="47.951"/>
  <system-out/>
</testsuite> <!-- com.reddiff.mail.autoscripts.SendEmailTC090 -->
